<?xml version="1.0" encoding="UTF-8"?>
<!-- Generated by org.testng.reporters.JUnitXMLReporter -->
<testsuite ignored="0" hostname="Sanju" failures="0" tests="5" name="Default test" time="0.043" errors="0" timestamp="2023-06-27T08:43:52 IST">
  <testcase classname="C_Wad_batch_Selenium_Programs.example4_threadPoolSize" name="TC1" time="0.007"/>
  <testcase classname="C_Wad_batch_Selenium_Programs.example4_threadPoolSize" name="TC1" time="0.007"/>
  <testcase classname="C_Wad_batch_Selenium_Programs.example4_threadPoolSize" name="TC1" time="0.001"/>
  <testcase classname="C_Wad_batch_Selenium_Programs.example4_threadPoolSize" name="TC1" time="0.001"/>
  <testcase classname="C_Wad_batch_Selenium_Programs.example4_threadPoolSize" name="TC1" time="0.001"/>
</testsuite> <!-- Default test -->
