<?xml version="1.0" encoding="UTF-8"?>
<!-- Generated by org.testng.reporters.JUnitXMLReporter -->
<testsuite ignored="0" hostname="Sanju" failures="0" tests="3" name="Test" time="15.418" errors="0" timestamp="2023-07-03T19:20:49 IST">
  <testcase classname="C_Wad_batch_Selenium_Programs.example7" name="TC1" time="8.204"/>
  <testcase classname="C_Wad_batch_Selenium_Programs.example8" name="TC1" time="8.432"/>
  <testcase classname="C_Wad_batch_Selenium_Programs.example6" name="TC1" time="7.169"/>
</testsuite> <!-- Test -->
